<?xml version="1.0" encoding="UTF-8"?>
<!-- Generated by org.testng.reporters.JUnitXMLReporter -->
<testsuite hostname="HDC3-L-01FDU7" ignored="0" name="Default test" tests="4" failures="0" timestamp="05 Jan 2021 14:52:30 GMT" time="0.103" errors="0">
  <testcase name="logout" time="0.031" classname="seleniumTestNG.Priorities"/>
  <testcase name="home" time="0.0" classname="seleniumTestNG.Priorities"/>
  <testcase name="login" time="0.0" classname="seleniumTestNG.Priorities"/>
  <testcase name="cart" time="0.0" classname="seleniumTestNG.Priorities"/>
</testsuite> <!-- Default test -->
