<?xml version="1.0" encoding="UTF-8"?>
<testng-results skipped="0" failed="0" ignored="0" total="4" passed="4">
  <reporter-output>
  </reporter-output>
  <suite name="Default suite" duration-ms="103" started-at="2021-01-05T14:52:29Z" finished-at="2021-01-05T14:52:29Z">
    <groups>
    </groups>
    <test name="Default test" duration-ms="103" started-at="2021-01-05T14:52:29Z" finished-at="2021-01-05T14:52:29Z">
      <class name="seleniumTestNG.Priorities">
        <test-method status="PASS" signature="logout()[pri:-1, instance:seleniumTestNG.Priorities@5b275dab]" name="logout" duration-ms="31" started-at="2021-01-05T14:52:29Z" finished-at="2021-01-05T14:52:29Z">
          <reporter-output>
          </reporter-output>
        </test-method> <!-- logout -->
        <test-method status="PASS" signature="cart()[pri:4, instance:seleniumTestNG.Priorities@5b275dab]" name="cart" duration-ms="0" started-at="2021-01-05T14:52:29Z" finished-at="2021-01-05T14:52:29Z">
          <reporter-output>
          </reporter-output>
        </test-method> <!-- cart -->
        <test-method status="PASS" signature="login()[pri:1, instance:seleniumTestNG.Priorities@5b275dab]" name="login" duration-ms="0" started-at="2021-01-05T14:52:29Z" finished-at="2021-01-05T14:52:29Z">
          <reporter-output>
          </reporter-output>
        </test-method> <!-- login -->
        <test-method status="PASS" signature="home()[pri:0, instance:seleniumTestNG.Priorities@5b275dab]" name="home" duration-ms="0" started-at="2021-01-05T14:52:29Z" finished-at="2021-01-05T14:52:29Z">
          <reporter-output>
          </reporter-output>
        </test-method> <!-- home -->
      </class> <!-- seleniumTestNG.Priorities -->
    </test> <!-- Default test -->
  </suite> <!-- Default suite -->
</testng-results>
