<?xml version="1.0" encoding="UTF-8"?>
<!-- Generated by org.testng.reporters.JUnitXMLReporter -->
<testsuite hostname="HDC3-L-01FDU7" ignored="0" name="testngTest" tests="6" failures="0" timestamp="24 Sep 2019 11:20:55 GMT" time="30.749" errors="0">
  <testcase name="google" time="14.316" classname="seleniumTestNG.Paralleltests"/>
  <testcase name="google1" time="16.371" classname="seleniumTestNG.Paralleltests"/>
  <testcase name="login" time="0.002" classname="seleniumTestNG.Priorities"/>
  <testcase name="home" time="0.002" classname="seleniumTestNG.Priorities"/>
  <testcase name="logout" time="0.003" classname="seleniumTestNG.Priorities"/>
  <testcase name="cart" time="0.002" classname="seleniumTestNG.Priorities"/>
</testsuite> <!-- testngTest -->
